<?xml version="1.0" encoding="UTF-8"?>
<testsuite name="gay.nyaa.purrcollections.domain.CollectionTierTest" tests="5" skipped="0" failures="0" errors="0" timestamp="2026-09-12T11:50:16.324Z" hostname="x270" time="0.009">
  <properties/>
  <testcase name="tier with rewards()" classname="gay.nyaa.purrcollections.domain.CollectionTierTest" time="0.001"/>
  <testcase name="valid tier creation()" classname="gay.nyaa.purrcollections.domain.CollectionTierTest" time="0.0"/>
  <testcase name="tier progression is valid()" classname="gay.nyaa.purrcollections.domain.CollectionTierTest" time="0.001"/>
  <testcase name="tier must be positive()" classname="gay.nyaa.purrcollections.domain.CollectionTierTest" time="0.002"/>
  <testcase name="required amount must be positive()" classname="gay.nyaa.purrcollections.domain.CollectionTierTest" time="0.002"/>
  <system-out><![CDATA[]]></system-out>
  <system-err><![CDATA[]]></system-err>
</testsuite>
