<?xml version="1.0" encoding="UTF-8"?>
<testsuite name="gay.nyaa.purrcollections.domain.CollectionTypeTest" tests="3" skipped="0" failures="0" errors="0" timestamp="2026-09-12T11:50:16.335Z" hostname="x270" time="0.004">
  <properties/>
  <testcase name="all collection types have display keys()" classname="gay.nyaa.purrcollections.domain.CollectionTypeTest" time="0.002"/>
  <testcase name="collection type valueOf works()" classname="gay.nyaa.purrcollections.domain.CollectionTypeTest" time="0.001"/>
  <testcase name="collection types are properly defined()" classname="gay.nyaa.purrcollections.domain.CollectionTypeTest" time="0.0"/>
  <system-out><![CDATA[]]></system-out>
  <system-err><![CDATA[]]></system-err>
</testsuite>
