<?xml version="1.0" encoding="UTF-8"?>
<testsuite name="gay.nyaa.purrcollections.integration.CollectionIdempotencyTest" tests="3" skipped="0" failures="0" errors="0" timestamp="2026-09-12T11:50:16.355Z" hostname="x270" time="0.005">
  <properties/>
  <testcase name="progression stops at max tier()" classname="gay.nyaa.purrcollections.integration.CollectionIdempotencyTest" time="0.001"/>
  <testcase name="multiple tier unlocks at once are all granted()" classname="gay.nyaa.purrcollections.integration.CollectionIdempotencyTest" time="0.001"/>
  <testcase name="tier unlock is idempotent - no double reward on crash()" classname="gay.nyaa.purrcollections.integration.CollectionIdempotencyTest" time="0.001"/>
  <system-out><![CDATA[]]></system-out>
  <system-err><![CDATA[]]></system-err>
</testsuite>
